<?xml version="1.0" encoding="UTF-8"?>
<coverage generated="1637433979855" clover="3.2.0">
  <project timestamp="1637433979855" name="All files">
    <metrics statements="15" coveredstatements="7" conditionals="10" coveredconditionals="0" methods="3" coveredmethods="0" elements="28" coveredelements="7" complexity="0" loc="15" ncloc="15" packages="1" files="1" classes="1"/>
    <file name="caesar.js" path="D:\JSprojects\rs\rss-nodejs-cipher\src\ciphers\caesar.js">
      <metrics statements="15" coveredstatements="7" conditionals="10" coveredconditionals="0" methods="3" coveredmethods="0"/>
      <line num="1" count="1" type="stmt"/>
      <line num="2" count="1" type="stmt"/>
      <line num="3" count="1" type="stmt"/>
      <line num="4" count="1" type="stmt"/>
      <line num="5" count="1" type="stmt"/>
      <line num="7" count="1" type="stmt"/>
      <line num="8" count="0" type="stmt"/>
      <line num="9" count="0" type="cond" truecount="0" falsecount="2"/>
      <line num="11" count="0" type="stmt"/>
      <line num="12" count="0" type="stmt"/>
      <line num="13" count="0" type="cond" truecount="0" falsecount="2"/>
      <line num="20" count="0" type="stmt"/>
      <line num="25" count="0" type="stmt"/>
      <line num="28" count="0" type="cond" truecount="0" falsecount="2"/>
      <line num="32" count="1" type="stmt"/>
    </file>
  </project>
</coverage>
