<?xml version="1.0" encoding="UTF-8"?>
<coverage generated="1637505870872" clover="3.2.0">
  <project timestamp="1637505870872" name="All files">
    <metrics statements="25" coveredstatements="25" conditionals="12" coveredconditionals="9" methods="6" coveredmethods="6" elements="43" coveredelements="40" complexity="0" loc="25" ncloc="25" packages="1" files="2" classes="2"/>
    <file name="atobash.js" path="D:\JSprojects\rs\rss-nodejs-cipher\src\ciphers\atobash.js">
      <metrics statements="12" coveredstatements="12" conditionals="4" coveredconditionals="4" methods="3" coveredmethods="3"/>
      <line num="1" count="1" type="stmt"/>
      <line num="2" count="1" type="stmt"/>
      <line num="3" count="1" type="stmt"/>
      <line num="5" count="1" type="stmt"/>
      <line num="6" count="3" type="stmt"/>
      <line num="7" count="36" type="stmt"/>
      <line num="8" count="36" type="cond" truecount="2" falsecount="0"/>
      <line num="9" count="18" type="stmt"/>
      <line num="13" count="18" type="stmt"/>
      <line num="19" count="3" type="stmt"/>
      <line num="22" count="93" type="cond" truecount="2" falsecount="0"/>
      <line num="26" count="1" type="stmt"/>
    </file>
    <file name="caesar.js" path="D:\JSprojects\rs\rss-nodejs-cipher\src\ciphers\caesar.js">
      <metrics statements="13" coveredstatements="13" conditionals="8" coveredconditionals="5" methods="3" coveredmethods="3"/>
      <line num="1" count="1" type="stmt"/>
      <line num="2" count="1" type="stmt"/>
      <line num="3" count="1" type="stmt"/>
      <line num="4" count="1" type="stmt"/>
      <line num="5" count="1" type="stmt"/>
      <line num="7" count="1" type="stmt"/>
      <line num="11" count="1" type="stmt"/>
      <line num="12" count="12" type="stmt"/>
      <line num="14" count="12" type="cond" truecount="1" falsecount="1"/>
      <line num="21" count="12" type="stmt"/>
      <line num="26" count="1" type="stmt"/>
      <line num="29" count="31" type="cond" truecount="2" falsecount="0"/>
      <line num="33" count="1" type="stmt"/>
    </file>
  </project>
</coverage>
