{"D:\\JSprojects\\rs\\rss-nodejs-cipher\\src\\ciphers\\atobash.js": {"path":"D:\\JSprojects\\rs\\rss-nodejs-cipher\\src\\ciphers\\atobash.js","statementMap":{"0":{"start":{"line":1,"column":24},"end":{"line":1,"column":26}},"1":{"start":{"line":2,"column":29},"end":{"line":2,"column":31}},"2":{"start":{"line":3,"column":29},"end":{"line":3,"column":32}},"3":{"start":{"line":5,"column":16},"end":{"line":24,"column":1}},"4":{"start":{"line":6,"column":19},"end":{"line":17,"column":3}},"5":{"start":{"line":7,"column":20},"end":{"line":7,"column":36}},"6":{"start":{"line":8,"column":4},"end":{"line":16,"column":5}},"7":{"start":{"line":9,"column":6},"end":{"line":11,"column":8}},"8":{"start":{"line":13,"column":6},"end":{"line":15,"column":8}},"9":{"start":{"line":19,"column":2},"end":{"line":23,"column":14}},"10":{"start":{"line":22,"column":18},"end":{"line":22,"column":57}},"11":{"start":{"line":26,"column":0},"end":{"line":26,"column":25}}},"fnMap":{"0":{"name":"(anonymous_0)","decl":{"start":{"line":5,"column":16},"end":{"line":5,"column":17}},"loc":{"start":{"line":5,"column":25},"end":{"line":24,"column":1}},"line":5},"1":{"name":"(anonymous_1)","decl":{"start":{"line":6,"column":19},"end":{"line":6,"column":20}},"loc":{"start":{"line":6,"column":27},"end":{"line":17,"column":3}},"line":6},"2":{"name":"(anonymous_2)","decl":{"start":{"line":22,"column":9},"end":{"line":22,"column":10}},"loc":{"start":{"line":22,"column":18},"end":{"line":22,"column":57}},"line":22}},"branchMap":{"0":{"loc":{"start":{"line":8,"column":4},"end":{"line":16,"column":5}},"type":"if","locations":[{"start":{"line":8,"column":4},"end":{"line":16,"column":5}},{"start":{"line":12,"column":11},"end":{"line":16,"column":5}}],"line":8},"1":{"loc":{"start":{"line":22,"column":18},"end":{"line":22,"column":57}},"type":"cond-expr","locations":[{"start":{"line":22,"column":40},"end":{"line":22,"column":52}},{"start":{"line":22,"column":55},"end":{"line":22,"column":57}}],"line":22}},"s":{"0":1,"1":1,"2":1,"3":1,"4":3,"5":36,"6":36,"7":18,"8":18,"9":3,"10":93,"11":1},"f":{"0":3,"1":36,"2":93},"b":{"0":[18,18],"1":[36,57]},"_coverageSchema":"1a1c01bbd47fc00a2c39e90264f33305004495a9","hash":"15ef60c347bb54df084afe39723688e4688747ad"}
,"D:\\JSprojects\\rs\\rss-nodejs-cipher\\src\\ciphers\\caesar.js": {"path":"D:\\JSprojects\\rs\\rss-nodejs-cipher\\src\\ciphers\\caesar.js","statementMap":{"0":{"start":{"line":1,"column":24},"end":{"line":1,"column":26}},"1":{"start":{"line":2,"column":25},"end":{"line":2,"column":27}},"2":{"start":{"line":3,"column":24},"end":{"line":3,"column":27}},"3":{"start":{"line":4,"column":25},"end":{"line":4,"column":27}},"4":{"start":{"line":5,"column":24},"end":{"line":5,"column":26}},"5":{"start":{"line":7,"column":15},"end":{"line":31,"column":1}},"6":{"start":{"line":11,"column":19},"end":{"line":24,"column":3}},"7":{"start":{"line":12,"column":20},"end":{"line":12,"column":36}},"8":{"start":{"line":14,"column":6},"end":{"line":20,"column":25}},"9":{"start":{"line":21,"column":4},"end":{"line":23,"column":6}},"10":{"start":{"line":26,"column":2},"end":{"line":30,"column":14}},"11":{"start":{"line":29,"column":18},"end":{"line":29,"column":57}},"12":{"start":{"line":33,"column":0},"end":{"line":33,"column":24}}},"fnMap":{"0":{"name":"(anonymous_0)","decl":{"start":{"line":7,"column":15},"end":{"line":7,"column":16}},"loc":{"start":{"line":7,"column":30},"end":{"line":31,"column":1}},"line":7},"1":{"name":"(anonymous_1)","decl":{"start":{"line":11,"column":19},"end":{"line":11,"column":20}},"loc":{"start":{"line":11,"column":27},"end":{"line":24,"column":3}},"line":11},"2":{"name":"(anonymous_2)","decl":{"start":{"line":29,"column":9},"end":{"line":29,"column":10}},"loc":{"start":{"line":29,"column":18},"end":{"line":29,"column":57}},"line":29}},"branchMap":{"0":{"loc":{"start":{"line":14,"column":6},"end":{"line":20,"column":25}},"type":"cond-expr","locations":[{"start":{"line":15,"column":10},"end":{"line":17,"column":28}},{"start":{"line":18,"column":10},"end":{"line":20,"column":25}}],"line":14},"1":{"loc":{"start":{"line":15,"column":10},"end":{"line":17,"column":28}},"type":"cond-expr","locations":[{"start":{"line":16,"column":12},"end":{"line":16,"column":28}},{"start":{"line":17,"column":12},"end":{"line":17,"column":28}}],"line":15},"2":{"loc":{"start":{"line":18,"column":10},"end":{"line":20,"column":25}},"type":"cond-expr","locations":[{"start":{"line":19,"column":10},"end":{"line":19,"column":25}},{"start":{"line":20,"column":10},"end":{"line":20,"column":25}}],"line":18},"3":{"loc":{"start":{"line":29,"column":18},"end":{"line":29,"column":57}},"type":"cond-expr","locations":[{"start":{"line":29,"column":40},"end":{"line":29,"column":52}},{"start":{"line":29,"column":55},"end":{"line":29,"column":57}}],"line":29}},"s":{"0":1,"1":1,"2":1,"3":1,"4":1,"5":1,"6":1,"7":12,"8":12,"9":12,"10":1,"11":31,"12":1},"f":{"0":1,"1":12,"2":31},"b":{"0":[0,12],"1":[0,0],"2":[6,6],"3":[12,19]},"_coverageSchema":"1a1c01bbd47fc00a2c39e90264f33305004495a9","hash":"076187672c923c27bcd8954f4d21117003e75dca"}
}
