{"D:\\JSprojects\\rs\\rss-nodejs-cipher\\src\\ciphers\\caesar.js": {"path":"D:\\JSprojects\\rs\\rss-nodejs-cipher\\src\\ciphers\\caesar.js","statementMap":{"0":{"start":{"line":1,"column":24},"end":{"line":1,"column":26}},"1":{"start":{"line":2,"column":25},"end":{"line":2,"column":27}},"2":{"start":{"line":3,"column":24},"end":{"line":3,"column":27}},"3":{"start":{"line":4,"column":25},"end":{"line":4,"column":27}},"4":{"start":{"line":5,"column":24},"end":{"line":5,"column":26}},"5":{"start":{"line":7,"column":15},"end":{"line":30,"column":1}},"6":{"start":{"line":8,"column":17},"end":{"line":8,"column":30}},"7":{"start":{"line":9,"column":19},"end":{"line":9,"column":34}},"8":{"start":{"line":11,"column":19},"end":{"line":23,"column":3}},"9":{"start":{"line":12,"column":20},"end":{"line":12,"column":36}},"10":{"start":{"line":13,"column":20},"end":{"line":19,"column":23}},"11":{"start":{"line":20,"column":4},"end":{"line":22,"column":6}},"12":{"start":{"line":25,"column":2},"end":{"line":29,"column":14}},"13":{"start":{"line":28,"column":18},"end":{"line":28,"column":57}},"14":{"start":{"line":32,"column":0},"end":{"line":32,"column":24}}},"fnMap":{"0":{"name":"(anonymous_0)","decl":{"start":{"line":7,"column":15},"end":{"line":7,"column":16}},"loc":{"start":{"line":7,"column":30},"end":{"line":30,"column":1}},"line":7},"1":{"name":"(anonymous_1)","decl":{"start":{"line":11,"column":19},"end":{"line":11,"column":20}},"loc":{"start":{"line":11,"column":27},"end":{"line":23,"column":3}},"line":11},"2":{"name":"(anonymous_2)","decl":{"start":{"line":28,"column":9},"end":{"line":28,"column":10}},"loc":{"start":{"line":28,"column":18},"end":{"line":28,"column":57}},"line":28}},"branchMap":{"0":{"loc":{"start":{"line":9,"column":19},"end":{"line":9,"column":34}},"type":"cond-expr","locations":[{"start":{"line":9,"column":28},"end":{"line":9,"column":29}},{"start":{"line":9,"column":32},"end":{"line":9,"column":34}}],"line":9},"1":{"loc":{"start":{"line":13,"column":20},"end":{"line":19,"column":23}},"type":"cond-expr","locations":[{"start":{"line":14,"column":8},"end":{"line":16,"column":26}},{"start":{"line":17,"column":8},"end":{"line":19,"column":23}}],"line":13},"2":{"loc":{"start":{"line":14,"column":8},"end":{"line":16,"column":26}},"type":"cond-expr","locations":[{"start":{"line":15,"column":10},"end":{"line":15,"column":26}},{"start":{"line":16,"column":10},"end":{"line":16,"column":26}}],"line":14},"3":{"loc":{"start":{"line":17,"column":8},"end":{"line":19,"column":23}},"type":"cond-expr","locations":[{"start":{"line":18,"column":8},"end":{"line":18,"column":23}},{"start":{"line":19,"column":8},"end":{"line":19,"column":23}}],"line":17},"4":{"loc":{"start":{"line":28,"column":18},"end":{"line":28,"column":57}},"type":"cond-expr","locations":[{"start":{"line":28,"column":40},"end":{"line":28,"column":52}},{"start":{"line":28,"column":55},"end":{"line":28,"column":57}}],"line":28}},"s":{"0":1,"1":1,"2":1,"3":1,"4":1,"5":1,"6":0,"7":0,"8":0,"9":0,"10":0,"11":0,"12":0,"13":0,"14":1},"f":{"0":0,"1":0,"2":0},"b":{"0":[0,0],"1":[0,0],"2":[0,0],"3":[0,0],"4":[0,0]},"_coverageSchema":"1a1c01bbd47fc00a2c39e90264f33305004495a9","hash":"1515b35a5be2e5921874492ca05eced286a4645a"}
}
