TN:
SF:src\ciphers\atobash.js
FN:5,(anonymous_0)
FN:6,(anonymous_1)
FN:22,(anonymous_2)
FNF:3
FNH:3
FNDA:3,(anonymous_0)
FNDA:36,(anonymous_1)
FNDA:93,(anonymous_2)
DA:1,1
DA:2,1
DA:3,1
DA:5,1
DA:6,3
DA:7,36
DA:8,36
DA:9,18
DA:13,18
DA:19,3
DA:22,93
DA:26,1
LF:12
LH:12
BRDA:8,0,0,18
BRDA:8,0,1,18
BRDA:22,1,0,36
BRDA:22,1,1,57
BRF:4
BRH:4
end_of_record
TN:
SF:src\ciphers\caesar.js
FN:7,(anonymous_0)
FN:11,(anonymous_1)
FN:29,(anonymous_2)
FNF:3
FNH:3
FNDA:1,(anonymous_0)
FNDA:12,(anonymous_1)
FNDA:31,(anonymous_2)
DA:1,1
DA:2,1
DA:3,1
DA:4,1
DA:5,1
DA:7,1
DA:11,1
DA:12,12
DA:14,12
DA:21,12
DA:26,1
DA:29,31
DA:33,1
LF:13
LH:13
BRDA:14,0,0,0
BRDA:14,0,1,12
BRDA:15,1,0,0
BRDA:15,1,1,0
BRDA:18,2,0,6
BRDA:18,2,1,6
BRDA:29,3,0,12
BRDA:29,3,1,19
BRF:8
BRH:5
end_of_record
